app/build/intermediates/manifest_merge_blame_file/debug/processDebugMainManifest/manifest-merger-blame-debug-report.txt
1<?xml version="1.0" encoding="utf-8"?>
2<manifest xmlns:android="http://schemas.android.com/apk/res/android"
3    package="com.crownhorse.app"
4    android:versionCode="1"
5    android:versionName="1.0" >
6
7    <uses-sdk
8        android:minSdkVersion="24"
9        android:targetSdkVersion="34" />
10
11    <uses-permission android:name="android.permission.INTERNET" />
11-->src\main\AndroidManifest.xml:5:5-67
11-->src\main\AndroidManifest.xml:5:22-64
12    <uses-permission android:name="android.permission.POST_NOTIFICATIONS" />
12-->src\main\AndroidManifest.xml:6:5-77
12-->src\main\AndroidManifest.xml:6:22-74
13    <uses-permission
13-->src\main\AndroidManifest.xml:7:5-8:38
14        android:name="android.permission.READ_EXTERNAL_STORAGE"
14-->src\main\AndroidManifest.xml:7:22-77
15        android:maxSdkVersion="32" />
15-->src\main\AndroidManifest.xml:8:9-35
16    <uses-permission android:name="android.permission.READ_MEDIA_IMAGES" />
16-->src\main\AndroidManifest.xml:9:5-76
16-->src\main\AndroidManifest.xml:9:22-73
17    <uses-permission android:name="android.permission.CAMERA" />
17-->src\main\AndroidManifest.xml:10:5-65
17-->src\main\AndroidManifest.xml:10:22-62
18    <uses-permission android:name="android.permission.ACCESS_FINE_LOCATION" />
18-->src\main\AndroidManifest.xml:11:5-79
18-->src\main\AndroidManifest.xml:11:22-76
19    <uses-permission android:name="android.permission.ACCESS_COARSE_LOCATION" />
19-->src\main\AndroidManifest.xml:12:5-81
19-->src\main\AndroidManifest.xml:12:22-78
20    <uses-permission android:name="android.permission.VIBRATE" />
20-->src\main\AndroidManifest.xml:13:5-66
20-->src\main\AndroidManifest.xml:13:22-63
21    <uses-permission android:name="android.permission.ACCESS_NETWORK_STATE" />
21-->[com.google.firebase:firebase-auth:23.0.0] AndroidManifest.xml:26:5-79
21-->[com.google.firebase:firebase-auth:23.0.0] AndroidManifest.xml:26:22-76
22    <uses-permission android:name="android.permission.WAKE_LOCK" /> <!-- Required by older versions of Google Play services to create IID tokens -->
22-->[com.google.firebase:firebase-messaging:24.0.0] AndroidManifest.xml:24:5-68
22-->[com.google.firebase:firebase-messaging:24.0.0] AndroidManifest.xml:24:22-65
23    <uses-permission android:name="com.google.android.c2dm.permission.RECEIVE" />
23-->[com.google.firebase:firebase-messaging:24.0.0] AndroidManifest.xml:26:5-82
23-->[com.google.firebase:firebase-messaging:24.0.0] AndroidManifest.xml:26:22-79
24    <uses-permission android:name="com.google.android.providers.gsf.permission.READ_GSERVICES" />
24-->[com.google.android.recaptcha:recaptcha:18.4.0] AndroidManifest.xml:9:5-98
24-->[com.google.android.recaptcha:recaptcha:18.4.0] AndroidManifest.xml:9:22-95
25
26    <permission
26-->[androidx.core:core:1.13.0] AndroidManifest.xml:22:5-24:47
27        android:name="com.crownhorse.app.DYNAMIC_RECEIVER_NOT_EXPORTED_PERMISSION"
27-->[androidx.core:core:1.13.0] AndroidManifest.xml:23:9-81
28        android:protectionLevel="signature" />
28-->[androidx.core:core:1.13.0] AndroidManifest.xml:24:9-44
29
30    <uses-permission android:name="com.crownhorse.app.DYNAMIC_RECEIVER_NOT_EXPORTED_PERMISSION" />
30-->[androidx.core:core:1.13.0] AndroidManifest.xml:26:5-97
30-->[androidx.core:core:1.13.0] AndroidManifest.xml:26:22-94
31
32    <application
32-->src\main\AndroidManifest.xml:15:5-55:19
33        android:allowBackup="true"
33-->src\main\AndroidManifest.xml:16:9-35
34        android:appComponentFactory="androidx.core.app.CoreComponentFactory"
34-->[androidx.core:core:1.13.0] AndroidManifest.xml:28:18-86
35        android:dataExtractionRules="@xml/data_extraction_rules"
35-->src\main\AndroidManifest.xml:17:9-65
36        android:debuggable="true"
37        android:extractNativeLibs="false"
38        android:fullBackupContent="@xml/backup_rules"
38-->src\main\AndroidManifest.xml:18:9-54
39        android:icon="@mipmap/ic_launcher"
39-->src\main\AndroidManifest.xml:19:9-43
40        android:label="@string/app_name"
40-->src\main\AndroidManifest.xml:20:9-41
41        android:supportsRtl="true"
41-->src\main\AndroidManifest.xml:21:9-35
42        android:testOnly="true"
43        android:theme="@style/Theme.CrownHorse" >
43-->src\main\AndroidManifest.xml:22:9-48
44        <activity
44-->src\main\AndroidManifest.xml:25:9-33:20
45            android:name="com.crownhorse.app.SplashActivity"
45-->src\main\AndroidManifest.xml:26:13-43
46            android:exported="true"
46-->src\main\AndroidManifest.xml:27:13-36
47            android:theme="@style/Theme.CrownHorse.Splash" >
47-->src\main\AndroidManifest.xml:28:13-59
48            <intent-filter>
48-->src\main\AndroidManifest.xml:29:13-32:29
49                <action android:name="android.intent.action.MAIN" />
49-->src\main\AndroidManifest.xml:30:17-69
49-->src\main\AndroidManifest.xml:30:25-66
50
51                <category android:name="android.intent.category.LAUNCHER" />
51-->src\main\AndroidManifest.xml:31:17-77
51-->src\main\AndroidManifest.xml:31:27-74
52            </intent-filter>
53        </activity>
54        <activity
54-->src\main\AndroidManifest.xml:35:9-82
55            android:name="com.crownhorse.app.auth.SignInActivity"
55-->src\main\AndroidManifest.xml:35:19-54
56            android:exported="false" />
56-->src\main\AndroidManifest.xml:35:55-79
57        <activity
57-->src\main\AndroidManifest.xml:36:9-82
58            android:name="com.crownhorse.app.auth.SignUpActivity"
58-->src\main\AndroidManifest.xml:36:19-54
59            android:exported="false" />
59-->src\main\AndroidManifest.xml:36:55-79
60        <activity
60-->src\main\AndroidManifest.xml:37:9-86
61            android:name="com.crownhorse.app.auth.RoleSelectActivity"
61-->src\main\AndroidManifest.xml:37:19-58
62            android:exported="false" />
62-->src\main\AndroidManifest.xml:37:59-83
63        <activity
63-->src\main\AndroidManifest.xml:38:9-86
64            android:name="com.crownhorse.app.auth.OnboardingActivity"
64-->src\main\AndroidManifest.xml:38:19-58
65            android:exported="false" />
65-->src\main\AndroidManifest.xml:38:59-83
66        <activity
66-->src\main\AndroidManifest.xml:39:9-80
67            android:name="com.crownhorse.app.home.HomeActivity"
67-->src\main\AndroidManifest.xml:39:19-52
68            android:exported="false" />
68-->src\main\AndroidManifest.xml:39:53-77
69        <activity
69-->src\main\AndroidManifest.xml:40:9-90
70            android:name="com.crownhorse.app.horses.AddEditHorseActivity"
70-->src\main\AndroidManifest.xml:40:19-62
71            android:exported="false" />
71-->src\main\AndroidManifest.xml:40:63-87
72        <activity
72-->src\main\AndroidManifest.xml:41:9-93
73            android:name="com.crownhorse.app.services.ServiceDetailActivity"
73-->src\main\AndroidManifest.xml:41:19-65
74            android:exported="false" />
74-->src\main\AndroidManifest.xml:41:66-90
75        <activity
75-->src\main\AndroidManifest.xml:42:9-94
76            android:name="com.crownhorse.app.services.AddEditServiceActivity"
76-->src\main\AndroidManifest.xml:42:19-66
77            android:exported="false" />
77-->src\main\AndroidManifest.xml:42:67-91
78        <activity
78-->src\main\AndroidManifest.xml:43:9-93
79            android:name="com.crownhorse.app.bookings.CreateBookingActivity"
79-->src\main\AndroidManifest.xml:43:19-65
80            android:exported="false" />
80-->src\main\AndroidManifest.xml:43:66-90
81        <activity
81-->src\main\AndroidManifest.xml:44:9-93
82            android:name="com.crownhorse.app.bookings.BookingDetailActivity"
82-->src\main\AndroidManifest.xml:44:19-65
83            android:exported="false" />
83-->src\main\AndroidManifest.xml:44:66-90
84        <activity
84-->src\main\AndroidManifest.xml:45:9-80
85            android:name="com.crownhorse.app.chat.ChatActivity"
85-->src\main\AndroidManifest.xml:45:19-52
86            android:exported="false" />
86-->src\main\AndroidManifest.xml:45:53-77
87        <activity
87-->src\main\AndroidManifest.xml:46:9-90
88            android:name="com.crownhorse.app.profile.EditProfileActivity"
88-->src\main\AndroidManifest.xml:46:19-62
89            android:exported="false" />
89-->src\main\AndroidManifest.xml:46:63-87
90
91        <service
91-->src\main\AndroidManifest.xml:48:9-54:19
92            android:name="com.crownhorse.app.fcm.CrownHorseFCMService"
92-->src\main\AndroidManifest.xml:49:13-53
93            android:exported="false" >
93-->src\main\AndroidManifest.xml:50:13-37
94            <intent-filter>
94-->src\main\AndroidManifest.xml:51:13-53:29
95                <action android:name="com.google.firebase.MESSAGING_EVENT" />
95-->src\main\AndroidManifest.xml:52:17-78
95-->src\main\AndroidManifest.xml:52:25-75
96            </intent-filter>
97        </service>
98
99        <activity
99-->[com.google.firebase:firebase-auth:23.0.0] AndroidManifest.xml:29:9-46:20
100            android:name="com.google.firebase.auth.internal.GenericIdpActivity"
100-->[com.google.firebase:firebase-auth:23.0.0] AndroidManifest.xml:30:13-80
101            android:excludeFromRecents="true"
101-->[com.google.firebase:firebase-auth:23.0.0] AndroidManifest.xml:31:13-46
102            android:exported="true"
102-->[com.google.firebase:firebase-auth:23.0.0] AndroidManifest.xml:32:13-36
103            android:launchMode="singleTask"
103-->[com.google.firebase:firebase-auth:23.0.0] AndroidManifest.xml:33:13-44
104            android:theme="@android:style/Theme.Translucent.NoTitleBar" >
104-->[com.google.firebase:firebase-auth:23.0.0] AndroidManifest.xml:34:13-72
105            <intent-filter>
105-->[com.google.firebase:firebase-auth:23.0.0] AndroidManifest.xml:35:13-45:29
106                <action android:name="android.intent.action.VIEW" />
106-->[com.google.firebase:firebase-auth:23.0.0] AndroidManifest.xml:36:17-69
106-->[com.google.firebase:firebase-auth:23.0.0] AndroidManifest.xml:36:25-66
107
108                <category android:name="android.intent.category.DEFAULT" />
108-->[com.google.firebase:firebase-auth:23.0.0] AndroidManifest.xml:38:17-76
108-->[com.google.firebase:firebase-auth:23.0.0] AndroidManifest.xml:38:27-73
109                <category android:name="android.intent.category.BROWSABLE" />
109-->[com.google.firebase:firebase-auth:23.0.0] AndroidManifest.xml:39:17-78
109-->[com.google.firebase:firebase-auth:23.0.0] AndroidManifest.xml:39:27-75
110
111                <data
111-->[com.google.firebase:firebase-auth:23.0.0] AndroidManifest.xml:41:17-44:51
112                    android:host="firebase.auth"
112-->[com.google.firebase:firebase-auth:23.0.0] AndroidManifest.xml:42:21-49
113                    android:path="/"
113-->[com.google.firebase:firebase-auth:23.0.0] AndroidManifest.xml:43:21-37
114                    android:scheme="genericidp" />
114-->[com.google.firebase:firebase-auth:23.0.0] AndroidManifest.xml:44:21-48
115            </intent-filter>
116        </activity>
117        <activity
117-->[com.google.firebase:firebase-auth:23.0.0] AndroidManifest.xml:47:9-64:20
118            android:name="com.google.firebase.auth.internal.RecaptchaActivity"
118-->[com.google.firebase:firebase-auth:23.0.0] AndroidManifest.xml:48:13-79
119            android:excludeFromRecents="true"
119-->[com.google.firebase:firebase-auth:23.0.0] AndroidManifest.xml:49:13-46
120            android:exported="true"
120-->[com.google.firebase:firebase-auth:23.0.0] AndroidManifest.xml:50:13-36
121            android:launchMode="singleTask"
121-->[com.google.firebase:firebase-auth:23.0.0] AndroidManifest.xml:51:13-44
122            android:theme="@android:style/Theme.Translucent.NoTitleBar" >
122-->[com.google.firebase:firebase-auth:23.0.0] AndroidManifest.xml:52:13-72
123            <intent-filter>
123-->[com.google.firebase:firebase-auth:23.0.0] AndroidManifest.xml:53:13-63:29
124                <action android:name="android.intent.action.VIEW" />
124-->[com.google.firebase:firebase-auth:23.0.0] AndroidManifest.xml:36:17-69
124-->[com.google.firebase:firebase-auth:23.0.0] AndroidManifest.xml:36:25-66
125
126                <category android:name="android.intent.category.DEFAULT" />
126-->[com.google.firebase:firebase-auth:23.0.0] AndroidManifest.xml:38:17-76
126-->[com.google.firebase:firebase-auth:23.0.0] AndroidManifest.xml:38:27-73
127                <category android:name="android.intent.category.BROWSABLE" />
127-->[com.google.firebase:firebase-auth:23.0.0] AndroidManifest.xml:39:17-78
127-->[com.google.firebase:firebase-auth:23.0.0] AndroidManifest.xml:39:27-75
128
129                <data
129-->[com.google.firebase:firebase-auth:23.0.0] AndroidManifest.xml:41:17-44:51
130                    android:host="firebase.auth"
130-->[com.google.firebase:firebase-auth:23.0.0] AndroidManifest.xml:42:21-49
131                    android:path="/"
131-->[com.google.firebase:firebase-auth:23.0.0] AndroidManifest.xml:43:21-37
132                    android:scheme="recaptcha" />
132-->[com.google.firebase:firebase-auth:23.0.0] AndroidManifest.xml:44:21-48
133            </intent-filter>
134        </activity>
135
136        <service
136-->[com.google.firebase:firebase-auth:23.0.0] AndroidManifest.xml:66:9-72:19
137            android:name="com.google.firebase.components.ComponentDiscoveryService"
137-->[com.google.firebase:firebase-auth:23.0.0] AndroidManifest.xml:67:13-84
138            android:directBootAware="true"
138-->[com.google.firebase:firebase-common:21.0.0] AndroidManifest.xml:32:13-43
139            android:exported="false" >
139-->[com.google.firebase:firebase-auth:23.0.0] AndroidManifest.xml:68:13-37
140            <meta-data
140-->[com.google.firebase:firebase-auth:23.0.0] AndroidManifest.xml:69:13-71:85
141                android:name="com.google.firebase.components:com.google.firebase.auth.FirebaseAuthRegistrar"
141-->[com.google.firebase:firebase-auth:23.0.0] AndroidManifest.xml:70:17-109
142                android:value="com.google.firebase.components.ComponentRegistrar" />
142-->[com.google.firebase:firebase-auth:23.0.0] AndroidManifest.xml:71:17-82
143            <meta-data
143-->[com.google.firebase:firebase-firestore:25.0.0] AndroidManifest.xml:17:13-19:85
144                android:name="com.google.firebase.components:com.google.firebase.firestore.FirebaseFirestoreKtxRegistrar"
144-->[com.google.firebase:firebase-firestore:25.0.0] AndroidManifest.xml:18:17-122
145                android:value="com.google.firebase.components.ComponentRegistrar" />
145-->[com.google.firebase:firebase-firestore:25.0.0] AndroidManifest.xml:19:17-82
146            <meta-data
146-->[com.google.firebase:firebase-firestore:25.0.0] AndroidManifest.xml:20:13-22:85
147                android:name="com.google.firebase.components:com.google.firebase.firestore.FirestoreRegistrar"
147-->[com.google.firebase:firebase-firestore:25.0.0] AndroidManifest.xml:21:17-111
148                android:value="com.google.firebase.components.ComponentRegistrar" />
148-->[com.google.firebase:firebase-firestore:25.0.0] AndroidManifest.xml:22:17-82
149            <meta-data
149-->[com.google.firebase:firebase-storage:21.0.0] AndroidManifest.xml:30:13-32:85
150                android:name="com.google.firebase.components:com.google.firebase.storage.FirebaseStorageKtxRegistrar"
150-->[com.google.firebase:firebase-storage:21.0.0] AndroidManifest.xml:31:17-118
151                android:value="com.google.firebase.components.ComponentRegistrar" />
151-->[com.google.firebase:firebase-storage:21.0.0] AndroidManifest.xml:32:17-82
152            <meta-data
152-->[com.google.firebase:firebase-storage:21.0.0] AndroidManifest.xml:33:13-35:85
153                android:name="com.google.firebase.components:com.google.firebase.storage.StorageRegistrar"
153-->[com.google.firebase:firebase-storage:21.0.0] AndroidManifest.xml:34:17-107
154                android:value="com.google.firebase.components.ComponentRegistrar" />
154-->[com.google.firebase:firebase-storage:21.0.0] AndroidManifest.xml:35:17-82
155            <meta-data
155-->[com.google.firebase:firebase-messaging:24.0.0] AndroidManifest.xml:57:13-59:85
156                android:name="com.google.firebase.components:com.google.firebase.messaging.FirebaseMessagingKtxRegistrar"
156-->[com.google.firebase:firebase-messaging:24.0.0] AndroidManifest.xml:58:17-122
157                android:value="com.google.firebase.components.ComponentRegistrar" />
157-->[com.google.firebase:firebase-messaging:24.0.0] AndroidManifest.xml:59:17-82
158            <meta-data
158-->[com.google.firebase:firebase-messaging:24.0.0] AndroidManifest.xml:60:13-62:85
159                android:name="com.google.firebase.components:com.google.firebase.messaging.FirebaseMessagingRegistrar"
159-->[com.google.firebase:firebase-messaging:24.0.0] AndroidManifest.xml:61:17-119
160                android:value="com.google.firebase.components.ComponentRegistrar" />
160-->[com.google.firebase:firebase-messaging:24.0.0] AndroidManifest.xml:62:17-82
161            <meta-data
161-->[com.google.firebase:firebase-appcheck:18.0.0] AndroidManifest.xml:25:13-27:85
162                android:name="com.google.firebase.components:com.google.firebase.appcheck.FirebaseAppCheckKtxRegistrar"
162-->[com.google.firebase:firebase-appcheck:18.0.0] AndroidManifest.xml:26:17-120
163                android:value="com.google.firebase.components.ComponentRegistrar" />
163-->[com.google.firebase:firebase-appcheck:18.0.0] AndroidManifest.xml:27:17-82
164            <meta-data
164-->[com.google.firebase:firebase-appcheck:18.0.0] AndroidManifest.xml:28:13-30:85
165                android:name="com.google.firebase.components:com.google.firebase.appcheck.FirebaseAppCheckRegistrar"
165-->[com.google.firebase:firebase-appcheck:18.0.0] AndroidManifest.xml:29:17-117
166                android:value="com.google.firebase.components.ComponentRegistrar" />
166-->[com.google.firebase:firebase-appcheck:18.0.0] AndroidManifest.xml:30:17-82
167            <meta-data
167-->[com.google.firebase:firebase-datatransport:18.2.0] AndroidManifest.xml:25:13-27:85
168                android:name="com.google.firebase.components:com.google.firebase.datatransport.TransportRegistrar"
168-->[com.google.firebase:firebase-datatransport:18.2.0] AndroidManifest.xml:26:17-115
169                android:value="com.google.firebase.components.ComponentRegistrar" />
169-->[com.google.firebase:firebase-datatransport:18.2.0] AndroidManifest.xml:27:17-82
170            <meta-data
170-->[com.google.firebase:firebase-installations:18.0.0] AndroidManifest.xml:15:13-17:85
171                android:name="com.google.firebase.components:com.google.firebase.installations.FirebaseInstallationsKtxRegistrar"
171-->[com.google.firebase:firebase-installations:18.0.0] AndroidManifest.xml:16:17-130
172                android:value="com.google.firebase.components.ComponentRegistrar" />
172-->[com.google.firebase:firebase-installations:18.0.0] AndroidManifest.xml:17:17-82
173            <meta-data
173-->[com.google.firebase:firebase-installations:18.0.0] AndroidManifest.xml:18:13-20:85
174                android:name="com.google.firebase.components:com.google.firebase.installations.FirebaseInstallationsRegistrar"
174-->[com.google.firebase:firebase-installations:18.0.0] AndroidManifest.xml:19:17-127
175                android:value="com.google.firebase.components.ComponentRegistrar" />
175-->[com.google.firebase:firebase-installations:18.0.0] AndroidManifest.xml:20:17-82
176            <meta-data
176-->[com.google.firebase:firebase-common-ktx:21.0.0] AndroidManifest.xml:12:13-14:85
177                android:name="com.google.firebase.components:com.google.firebase.ktx.FirebaseCommonLegacyRegistrar"
177-->[com.google.firebase:firebase-common-ktx:21.0.0] AndroidManifest.xml:13:17-116
178                android:value="com.google.firebase.components.ComponentRegistrar" />
178-->[com.google.firebase:firebase-common-ktx:21.0.0] AndroidManifest.xml:14:17-82
179            <meta-data
179-->[com.google.firebase:firebase-common:21.0.0] AndroidManifest.xml:35:13-37:85
180                android:name="com.google.firebase.components:com.google.firebase.FirebaseCommonKtxRegistrar"
180-->[com.google.firebase:firebase-common:21.0.0] AndroidManifest.xml:36:17-109
181                android:value="com.google.firebase.components.ComponentRegistrar" />
181-->[com.google.firebase:firebase-common:21.0.0] AndroidManifest.xml:37:17-82
182        </service>
183
184        <receiver
184-->[com.google.firebase:firebase-messaging:24.0.0] AndroidManifest.xml:29:9-40:20
185            android:name="com.google.firebase.iid.FirebaseInstanceIdReceiver"
185-->[com.google.firebase:firebase-messaging:24.0.0] AndroidManifest.xml:30:13-78
186            android:exported="true"
186-->[com.google.firebase:firebase-messaging:24.0.0] AndroidManifest.xml:31:13-36
187            android:permission="com.google.android.c2dm.permission.SEND" >
187-->[com.google.firebase:firebase-messaging:24.0.0] AndroidManifest.xml:32:13-73
188            <intent-filter>
188-->[com.google.firebase:firebase-messaging:24.0.0] AndroidManifest.xml:33:13-35:29
189                <action android:name="com.google.android.c2dm.intent.RECEIVE" />
189-->[com.google.firebase:firebase-messaging:24.0.0] AndroidManifest.xml:34:17-81
189-->[com.google.firebase:firebase-messaging:24.0.0] AndroidManifest.xml:34:25-78
190            </intent-filter>
191
192            <meta-data
192-->[com.google.firebase:firebase-messaging:24.0.0] AndroidManifest.xml:37:13-39:40
193                android:name="com.google.android.gms.cloudmessaging.FINISHED_AFTER_HANDLED"
193-->[com.google.firebase:firebase-messaging:24.0.0] AndroidManifest.xml:38:17-92
194                android:value="true" />
194-->[com.google.firebase:firebase-messaging:24.0.0] AndroidManifest.xml:39:17-37
195        </receiver>
196        <!--
197             FirebaseMessagingService performs security checks at runtime,
198             but set to not exported to explicitly avoid allowing another app to call it.
199        -->
200        <service
200-->[com.google.firebase:firebase-messaging:24.0.0] AndroidManifest.xml:46:9-53:19
201            android:name="com.google.firebase.messaging.FirebaseMessagingService"
201-->[com.google.firebase:firebase-messaging:24.0.0] AndroidManifest.xml:47:13-82
202            android:directBootAware="true"
202-->[com.google.firebase:firebase-messaging:24.0.0] AndroidManifest.xml:48:13-43
203            android:exported="false" >
203-->[com.google.firebase:firebase-messaging:24.0.0] AndroidManifest.xml:49:13-37
204            <intent-filter android:priority="-500" >
204-->src\main\AndroidManifest.xml:51:13-53:29
205                <action android:name="com.google.firebase.MESSAGING_EVENT" />
205-->src\main\AndroidManifest.xml:52:17-78
205-->src\main\AndroidManifest.xml:52:25-75
206            </intent-filter>
207        </service>
208        <service
208-->[com.google.android.datatransport:transport-backend-cct:3.1.9] AndroidManifest.xml:28:9-34:19
209            android:name="com.google.android.datatransport.runtime.backends.TransportBackendDiscovery"
209-->[com.google.android.datatransport:transport-backend-cct:3.1.9] AndroidManifest.xml:29:13-103
210            android:exported="false" >
210-->[com.google.android.datatransport:transport-backend-cct:3.1.9] AndroidManifest.xml:30:13-37
211            <meta-data
211-->[com.google.android.datatransport:transport-backend-cct:3.1.9] AndroidManifest.xml:31:13-33:39
212                android:name="backend:com.google.android.datatransport.cct.CctBackendFactory"
212-->[com.google.android.datatransport:transport-backend-cct:3.1.9] AndroidManifest.xml:32:17-94
213                android:value="cct" />
213-->[com.google.android.datatransport:transport-backend-cct:3.1.9] AndroidManifest.xml:33:17-36
214        </service>
215        <service
215-->[com.google.android.datatransport:transport-runtime:3.1.9] AndroidManifest.xml:26:9-30:19
216            android:name="com.google.android.datatransport.runtime.scheduling.jobscheduling.JobInfoSchedulerService"
216-->[com.google.android.datatransport:transport-runtime:3.1.9] AndroidManifest.xml:27:13-117
217            android:exported="false"
217-->[com.google.android.datatransport:transport-runtime:3.1.9] AndroidManifest.xml:28:13-37
218            android:permission="android.permission.BIND_JOB_SERVICE" >
218-->[com.google.android.datatransport:transport-runtime:3.1.9] AndroidManifest.xml:29:13-69
219        </service>
220
221        <receiver
221-->[com.google.android.datatransport:transport-runtime:3.1.9] AndroidManifest.xml:32:9-34:40
222            android:name="com.google.android.datatransport.runtime.scheduling.jobscheduling.AlarmManagerSchedulerBroadcastReceiver"
222-->[com.google.android.datatransport:transport-runtime:3.1.9] AndroidManifest.xml:33:13-132
223            android:exported="false" />
223-->[com.google.android.datatransport:transport-runtime:3.1.9] AndroidManifest.xml:34:13-37
224
225        <provider
225-->[com.google.firebase:firebase-common:21.0.0] AndroidManifest.xml:23:9-28:39
226            android:name="com.google.firebase.provider.FirebaseInitProvider"
226-->[com.google.firebase:firebase-common:21.0.0] AndroidManifest.xml:24:13-77
227            android:authorities="com.crownhorse.app.firebaseinitprovider"
227-->[com.google.firebase:firebase-common:21.0.0] AndroidManifest.xml:25:13-72
228            android:directBootAware="true"
228-->[com.google.firebase:firebase-common:21.0.0] AndroidManifest.xml:26:13-43
229            android:exported="false"
229-->[com.google.firebase:firebase-common:21.0.0] AndroidManifest.xml:27:13-37
230            android:initOrder="100" />
230-->[com.google.firebase:firebase-common:21.0.0] AndroidManifest.xml:28:13-36
231
232        <service
232-->[androidx.credentials:credentials-play-services-auth:1.2.0-rc01] AndroidManifest.xml:24:9-32:19
233            android:name="androidx.credentials.playservices.CredentialProviderMetadataHolder"
233-->[androidx.credentials:credentials-play-services-auth:1.2.0-rc01] AndroidManifest.xml:25:13-94
234            android:enabled="true"
234-->[androidx.credentials:credentials-play-services-auth:1.2.0-rc01] AndroidManifest.xml:26:13-35
235            android:exported="false" >
235-->[androidx.credentials:credentials-play-services-auth:1.2.0-rc01] AndroidManifest.xml:27:13-37
236            <meta-data
236-->[androidx.credentials:credentials-play-services-auth:1.2.0-rc01] AndroidManifest.xml:29:13-31:104
237                android:name="androidx.credentials.CREDENTIAL_PROVIDER_KEY"
237-->[androidx.credentials:credentials-play-services-auth:1.2.0-rc01] AndroidManifest.xml:30:17-76
238                android:value="androidx.credentials.playservices.CredentialProviderPlayServicesImpl" />
238-->[androidx.credentials:credentials-play-services-auth:1.2.0-rc01] AndroidManifest.xml:31:17-101
239        </service>
240
241        <activity
241-->[androidx.credentials:credentials-play-services-auth:1.2.0-rc01] AndroidManifest.xml:34:9-41:20
242            android:name="androidx.credentials.playservices.HiddenActivity"
242-->[androidx.credentials:credentials-play-services-auth:1.2.0-rc01] AndroidManifest.xml:35:13-76
243            android:configChanges="orientation|screenSize|screenLayout|keyboardHidden"
243-->[androidx.credentials:credentials-play-services-auth:1.2.0-rc01] AndroidManifest.xml:36:13-87
244            android:enabled="true"
244-->[androidx.credentials:credentials-play-services-auth:1.2.0-rc01] AndroidManifest.xml:37:13-35
245            android:exported="false"
245-->[androidx.credentials:credentials-play-services-auth:1.2.0-rc01] AndroidManifest.xml:38:13-37
246            android:fitsSystemWindows="true"
246-->[androidx.credentials:credentials-play-services-auth:1.2.0-rc01] AndroidManifest.xml:39:13-45
247            android:theme="@style/Theme.Hidden" >
247-->[androidx.credentials:credentials-play-services-auth:1.2.0-rc01] AndroidManifest.xml:40:13-48
248        </activity>
249        <activity
249-->[com.google.android.gms:play-services-auth:20.7.0] AndroidManifest.xml:23:9-27:75
250            android:name="com.google.android.gms.auth.api.signin.internal.SignInHubActivity"
250-->[com.google.android.gms:play-services-auth:20.7.0] AndroidManifest.xml:24:13-93
251            android:excludeFromRecents="true"
251-->[com.google.android.gms:play-services-auth:20.7.0] AndroidManifest.xml:25:13-46
252            android:exported="false"
252-->[com.google.android.gms:play-services-auth:20.7.0] AndroidManifest.xml:26:13-37
253            android:theme="@android:style/Theme.Translucent.NoTitleBar" />
253-->[com.google.android.gms:play-services-auth:20.7.0] AndroidManifest.xml:27:13-72
254        <!--
255            Service handling Google Sign-In user revocation. For apps that do not integrate with
256            Google Sign-In, this service will never be started.
257        -->
258        <service
258-->[com.google.android.gms:play-services-auth:20.7.0] AndroidManifest.xml:33:9-37:51
259            android:name="com.google.android.gms.auth.api.signin.RevocationBoundService"
259-->[com.google.android.gms:play-services-auth:20.7.0] AndroidManifest.xml:34:13-89
260            android:exported="true"
260-->[com.google.android.gms:play-services-auth:20.7.0] AndroidManifest.xml:35:13-36
261            android:permission="com.google.android.gms.auth.api.signin.permission.REVOCATION_NOTIFICATION"
261-->[com.google.android.gms:play-services-auth:20.7.0] AndroidManifest.xml:36:13-107
262            android:visibleToInstantApps="true" />
262-->[com.google.android.gms:play-services-auth:20.7.0] AndroidManifest.xml:37:13-48
263
264        <provider
264-->[androidx.emoji2:emoji2:1.3.0] AndroidManifest.xml:24:9-32:20
265            android:name="androidx.startup.InitializationProvider"
265-->[androidx.emoji2:emoji2:1.3.0] AndroidManifest.xml:25:13-67
266            android:authorities="com.crownhorse.app.androidx-startup"